<?xml version="1.0" encoding="UTF-8"?>
<testsuite xmlns:xsi="http://www.w3.org/2001/XMLSchema-instance" xsi:noNamespaceSchemaLocation="https://maven.apache.org/surefire/maven-surefire-plugin/xsd/surefire-test-report-3.0.xsd" version="3.0" name="Features.TestRunner1" time="8.026" tests="1" errors="1" skipped="0" failures="0">
  <properties>
[...]
</properties>
  <testcase name="[1:10] Getting dog breed mastiff" classname="[Features/get] GET API DEMO" time="1.815">
    <error message="status code was: 404, expected: 200, response time in milliseconds: 1100, url: https://dog.ceo/dog-api/breeds/list/all, response: &#10;&lt;!DOCTYPE HTML PUBLIC &quot;-//IETF//DTD HTML 2.0//EN&quot;&gt;&#10;&lt;html&gt;&lt;head&gt;&#10;&lt;title&gt;404 Not Found&lt;/title&gt;&#10;&lt;/head&gt;&lt;body&gt;&#10;&lt;h1&gt;Not Found&lt;/h1&gt;&#10;&lt;p&gt;The requested URL was not found on this server.&lt;/p&gt;&#10;&lt;/body&gt;&lt;/html&gt;&#10;&#10;classpath:Features/get.feature:13" type="com.intuit.karate.KarateException"><![CDATA[com.intuit.karate.KarateException: 
status code was: 404, expected: 200, response time in milliseconds: 1100, url: https://dog.ceo/dog-api/breeds/list/all, response: 
<!DOCTYPE HTML PUBLIC "-//IETF//DTD HTML 2.0//EN">
<html><head>
<title>404 Not Found</title>
</head><body>
<h1>Not Found</h1>
<p>The requested URL was not found on this server.</p>
</body></html>

classpath:Features/get.feature:13
	at <feature>.: Then status 200 (classpath:Features/get.feature:13:13)
]]></error>
    <system-out><![CDATA[14:21:07.273 [main] WARN com.intuit.karate.Runner - the @KarateOptions annotation is deprecated, please use Runner.builder()
14:21:09.651 [main] WARN com.intuit.karate.Runner - the @KarateOptions annotation is deprecated, please use Runner.builder()
14:21:12.589 [main] DEBUG org.apache.http.client.protocol.RequestAddCookies - CookieSpec selected: karate
14:21:12.603 [main] DEBUG org.apache.http.client.protocol.RequestAuthCache - Auth cache not set in the context
14:21:12.608 [main] DEBUG com.intuit.karate - request:
1 > GET https://dog.ceo/dog-api/breeds/list/all
1 > Host: dog.ceo
1 > Connection: Keep-Alive
1 > User-Agent: Apache-HttpClient/4.5.12 (Java/17.0.8.1)
1 > Accept-Encoding: gzip,deflate


14:21:12.611 [main] DEBUG org.apache.http.impl.conn.PoolingHttpClientConnectionManager - Connection request: [route: {s}->https://dog.ceo:443][total available: 0; route allocated: 0 of 5; total allocated: 0 of 10]
14:21:12.629 [main] DEBUG org.apache.http.impl.conn.PoolingHttpClientConnectionManager - Connection leased: [id: 0][route: {s}->https://dog.ceo:443][total available: 0; route allocated: 1 of 5; total allocated: 1 of 10]
14:21:12.631 [main] DEBUG org.apache.http.impl.execchain.MainClientExec - Opening connection {s}->https://dog.ceo:443
14:21:12.709 [main] DEBUG org.apache.http.impl.conn.DefaultHttpClientConnectionOperator - Connecting to dog.ceo/104.21.17.246:443
14:21:12.710 [main] DEBUG org.apache.http.conn.ssl.SSLConnectionSocketFactory - Connecting socket to dog.ceo/104.21.17.246:443 with timeout 30000
14:21:12.994 [main] DEBUG org.apache.http.conn.ssl.SSLConnectionSocketFactory - Enabled protocols: [TLSv1.3, TLSv1.2]
14:21:12.995 [main] DEBUG org.apache.http.conn.ssl.SSLConnectionSocketFactory - Enabled cipher suites:[TLS_AES_256_GCM_SHA384, TLS_AES_128_GCM_SHA256, TLS_CHACHA20_POLY1305_SHA256, TLS_ECDHE_ECDSA_WITH_AES_256_GCM_SHA384, TLS_ECDHE_ECDSA_WITH_AES_128_GCM_SHA256, TLS_ECDHE_ECDSA_WITH_CHACHA20_POLY1305_SHA256, TLS_ECDHE_RSA_WITH_AES_256_GCM_SHA384, TLS_ECDHE_RSA_WITH_CHACHA20_POLY1305_SHA256, TLS_ECDHE_RSA_WITH_AES_128_GCM_SHA256, TLS_DHE_RSA_WITH_AES_256_GCM_SHA384, TLS_DHE_RSA_WITH_CHACHA20_POLY1305_SHA256, TLS_DHE_DSS_WITH_AES_256_GCM_SHA384, TLS_DHE_RSA_WITH_AES_128_GCM_SHA256, TLS_DHE_DSS_WITH_AES_128_GCM_SHA256, TLS_ECDHE_ECDSA_WITH_AES_256_CBC_SHA384, TLS_ECDHE_RSA_WITH_AES_256_CBC_SHA384, TLS_ECDHE_ECDSA_WITH_AES_128_CBC_SHA256, TLS_ECDHE_RSA_WITH_AES_128_CBC_SHA256, TLS_DHE_RSA_WITH_AES_256_CBC_SHA256, TLS_DHE_DSS_WITH_AES_256_CBC_SHA256, TLS_DHE_RSA_WITH_AES_128_CBC_SHA256, TLS_DHE_DSS_WITH_AES_128_CBC_SHA256, TLS_ECDH_ECDSA_WITH_AES_256_GCM_SHA384, TLS_ECDH_RSA_WITH_AES_256_GCM_SHA384, TLS_ECDH_ECDSA_WITH_AES_128_GCM_SHA256, TLS_ECDH_RSA_WITH_AES_128_GCM_SHA256, TLS_ECDH_ECDSA_WITH_AES_256_CBC_SHA384, TLS_ECDH_RSA_WITH_AES_256_CBC_SHA384, TLS_ECDH_ECDSA_WITH_AES_128_CBC_SHA256, TLS_ECDH_RSA_WITH_AES_128_CBC_SHA256, TLS_ECDHE_ECDSA_WITH_AES_256_CBC_SHA, TLS_ECDHE_RSA_WITH_AES_256_CBC_SHA, TLS_ECDHE_ECDSA_WITH_AES_128_CBC_SHA, TLS_ECDHE_RSA_WITH_AES_128_CBC_SHA, TLS_DHE_RSA_WITH_AES_256_CBC_SHA, TLS_DHE_DSS_WITH_AES_256_CBC_SHA, TLS_DHE_RSA_WITH_AES_128_CBC_SHA, TLS_DHE_DSS_WITH_AES_128_CBC_SHA, TLS_ECDH_ECDSA_WITH_AES_256_CBC_SHA, TLS_ECDH_RSA_WITH_AES_256_CBC_SHA, TLS_ECDH_ECDSA_WITH_AES_128_CBC_SHA, TLS_ECDH_RSA_WITH_AES_128_CBC_SHA, TLS_RSA_WITH_AES_256_GCM_SHA384, TLS_RSA_WITH_AES_128_GCM_SHA256, TLS_RSA_WITH_AES_256_CBC_SHA256, TLS_RSA_WITH_AES_128_CBC_SHA256, TLS_RSA_WITH_AES_256_CBC_SHA, TLS_RSA_WITH_AES_128_CBC_SHA, TLS_EMPTY_RENEGOTIATION_INFO_SCSV]
14:21:12.995 [main] DEBUG org.apache.http.conn.ssl.SSLConnectionSocketFactory - Starting handshake
14:21:13.413 [main] DEBUG org.apache.http.conn.ssl.SSLConnectionSocketFactory - Secure session established
14:21:13.414 [main] DEBUG org.apache.http.conn.ssl.SSLConnectionSocketFactory -  negotiated protocol: TLSv1.3
14:21:13.414 [main] DEBUG org.apache.http.conn.ssl.SSLConnectionSocketFactory -  negotiated cipher suite: TLS_AES_256_GCM_SHA384
14:21:13.414 [main] DEBUG org.apache.http.conn.ssl.SSLConnectionSocketFactory -  peer principal: CN=dog.ceo
14:21:13.415 [main] DEBUG org.apache.http.conn.ssl.SSLConnectionSocketFactory -  peer alternative names: [dog.ceo, *.dog.ceo]
14:21:13.415 [main] DEBUG org.apache.http.conn.ssl.SSLConnectionSocketFactory -  issuer principal: CN=GTS CA 1P5, O=Google Trust Services LLC, C=US
14:21:13.420 [main] DEBUG org.apache.http.impl.conn.DefaultHttpClientConnectionOperator - Connection established 192.168.157.15:16348<->104.21.17.246:443
14:21:13.420 [main] DEBUG org.apache.http.impl.conn.DefaultManagedHttpClientConnection - http-outgoing-0: set socket timeout to 30000
14:21:13.420 [main] DEBUG org.apache.http.impl.execchain.MainClientExec - Executing request GET /dog-api/breeds/list/all HTTP/1.1
14:21:13.421 [main] DEBUG org.apache.http.impl.execchain.MainClientExec - Target auth state: UNCHALLENGED
14:21:13.421 [main] DEBUG org.apache.http.impl.execchain.MainClientExec - Proxy auth state: UNCHALLENGED
14:21:13.423 [main] DEBUG org.apache.http.headers - http-outgoing-0 >> GET /dog-api/breeds/list/all HTTP/1.1
14:21:13.423 [main] DEBUG org.apache.http.headers - http-outgoing-0 >> Host: dog.ceo
14:21:13.423 [main] DEBUG org.apache.http.headers - http-outgoing-0 >> Connection: Keep-Alive
14:21:13.423 [main] DEBUG org.apache.http.headers - http-outgoing-0 >> User-Agent: Apache-HttpClient/4.5.12 (Java/17.0.8.1)
14:21:13.423 [main] DEBUG org.apache.http.headers - http-outgoing-0 >> Accept-Encoding: gzip,deflate
14:21:13.423 [main] DEBUG org.apache.http.wire - http-outgoing-0 >> "GET /dog-api/breeds/list/all HTTP/1.1[\r][\n]"
14:21:13.424 [main] DEBUG org.apache.http.wire - http-outgoing-0 >> "Host: dog.ceo[\r][\n]"
14:21:13.424 [main] DEBUG org.apache.http.wire - http-outgoing-0 >> "Connection: Keep-Alive[\r][\n]"
14:21:13.424 [main] DEBUG org.apache.http.wire - http-outgoing-0 >> "User-Agent: Apache-HttpClient/4.5.12 (Java/17.0.8.1)[\r][\n]"
14:21:13.424 [main] DEBUG org.apache.http.wire - http-outgoing-0 >> "Accept-Encoding: gzip,deflate[\r][\n]"
14:21:13.424 [main] DEBUG org.apache.http.wire - http-outgoing-0 >> "[\r][\n]"
14:21:13.691 [main] DEBUG org.apache.http.wire - http-outgoing-0 << "HTTP/1.1 404 Not Found[\r][\n]"
14:21:13.692 [main] DEBUG org.apache.http.wire - http-outgoing-0 << "Date: Fri, 16 Feb 2024 12:21:13 GMT[\r][\n]"
14:21:13.692 [main] DEBUG org.apache.http.wire - http-outgoing-0 << "Content-Type: text/html; charset=iso-8859-1[\r][\n]"
14:21:13.692 [main] DEBUG org.apache.http.wire - http-outgoing-0 << "Transfer-Encoding: chunked[\r][\n]"
14:21:13.692 [main] DEBUG org.apache.http.wire - http-outgoing-0 << "Connection: keep-alive[\r][\n]"
14:21:13.692 [main] DEBUG org.apache.http.wire - http-outgoing-0 << "Via: 1.1 varnish (Varnish/6.3), 1.1 varnish (Varnish/6.3)[\r][\n]"
14:21:13.692 [main] DEBUG org.apache.http.wire - http-outgoing-0 << "X-Cache-Hits: 0[\r][\n]"
14:21:13.692 [main] DEBUG org.apache.http.wire - http-outgoing-0 << "X-Cache: MISS[\r][\n]"
14:21:13.693 [main] DEBUG org.apache.http.wire - http-outgoing-0 << "Age: 0[\r][\n]"
14:21:13.693 [main] DEBUG org.apache.http.wire - http-outgoing-0 << "Vary: [\r][\n]"
14:21:13.693 [main] DEBUG org.apache.http.wire - http-outgoing-0 << "CF-Cache-Status: DYNAMIC[\r][\n]"
14:21:13.693 [main] DEBUG org.apache.http.wire - http-outgoing-0 << "Report-To: {"endpoints":[{"url":"https:\/\/a.nel.cloudflare.com\/report\/v3?s=dTvrIOVsilU5rYhSNgP9tugZB5nm1mF2G%2BplOsDxktTbDGFGl8w71bmrJAfUIEN%2FHlNnL6T0e%2FMNJdq5IRQ3yMditAR4DTRan1%2BFzxAtCOruIXkVOLcyvbZH"}],"group":"cf-nel","max_age":604800}[\r][\n]"
14:21:13.693 [main] DEBUG org.apache.http.wire - http-outgoing-0 << "NEL: {"success_fraction":0,"report_to":"cf-nel","max_age":604800}[\r][\n]"
14:21:13.693 [main] DEBUG org.apache.http.wire - http-outgoing-0 << "Server: cloudflare[\r][\n]"
14:21:13.693 [main] DEBUG org.apache.http.wire - http-outgoing-0 << "CF-RAY: 8565bfc48bfc6653-MAD[\r][\n]"
14:21:13.693 [main] DEBUG org.apache.http.wire - http-outgoing-0 << "Content-Encoding: gzip[\r][\n]"
14:21:13.693 [main] DEBUG org.apache.http.wire - http-outgoing-0 << "alt-svc: h3=":443"; ma=86400[\r][\n]"
14:21:13.693 [main] DEBUG org.apache.http.wire - http-outgoing-0 << "[\r][\n]"
14:21:13.693 [main] DEBUG org.apache.http.wire - http-outgoing-0 << "b3[\r][\n]"
14:21:13.694 [main] DEBUG org.apache.http.wire - http-outgoing-0 << "[0x1f][0x8b][0x8][0x0][0x0][0x0][0x0][0x0][0x0][0x3]L[0x8e]=[0xf][0x82]@[0x10]D[0xfb][0xfb][0x15]+[0xbd],[0x18][0xca][0xcd][0x15][0xf2][0x11]I[0x10][0x89]9[\n]"
14:21:13.694 [main] DEBUG org.apache.http.wire - http-outgoing-0 << "K[0xc]k[0x8e][0x4]9[0xe4][0xe][0x8d][0xff][0xde][0x0][0x8d][0xed][0xcc][0x9b][0x97][0xa1]]r[0x89][0xd5][0xad]J[0xe1][0xa4][0xce][0x5]T[0xf5][0xb1][0xc8]c[0xf0][0xf6][0x88]y[0xaa]2[0xc4]D%[s[0xf0][0x3][0xc4][0xb4][0xf4][0xa4] [0xed][0x9e][0xbd]$[0xcd]M+[0x5][0xb9][0xce][0xf5],[0xa3] [0x82][0xd2]8[0xc8][0xcc]<[0xb4][0x84][([0x8]W[0x88][0xee][0xa6][0xfd].[0xbb]P[0xfe]1:[0x94][0x82]F[0xa9]4[0xc3][0xc4][0xaf][0x99][0xad][0xe3][0x16][0xea]k[0x1][0x9f][0xc6][0xc2]`[0x1c]<[0x16][0xe][0xcc][0x0]Nw[0x16],Oo[0x9e]|[0xc2]q[0xf1][0xae]F[0xc2][0xf5][0xc9][0xf][0x0][0x0][0xff][0xff][0xe3][0x2][0x0][0xf3]|[0x15]<[0xc4][0x0][0x0][0x0][\r][\n]"
14:21:13.697 [main] DEBUG org.apache.http.headers - http-outgoing-0 << HTTP/1.1 404 Not Found
14:21:13.697 [main] DEBUG org.apache.http.headers - http-outgoing-0 << Date: Fri, 16 Feb 2024 12:21:13 GMT
14:21:13.697 [main] DEBUG org.apache.http.headers - http-outgoing-0 << Content-Type: text/html; charset=iso-8859-1
14:21:13.697 [main] DEBUG org.apache.http.headers - http-outgoing-0 << Transfer-Encoding: chunked
14:21:13.697 [main] DEBUG org.apache.http.headers - http-outgoing-0 << Connection: keep-alive
14:21:13.697 [main] DEBUG org.apache.http.headers - http-outgoing-0 << Via: 1.1 varnish (Varnish/6.3), 1.1 varnish (Varnish/6.3)
14:21:13.697 [main] DEBUG org.apache.http.headers - http-outgoing-0 << X-Cache-Hits: 0
14:21:13.698 [main] DEBUG org.apache.http.headers - http-outgoing-0 << X-Cache: MISS
14:21:13.698 [main] DEBUG org.apache.http.headers - http-outgoing-0 << Age: 0
14:21:13.698 [main] DEBUG org.apache.http.headers - http-outgoing-0 << Vary: 
14:21:13.698 [main] DEBUG org.apache.http.headers - http-outgoing-0 << CF-Cache-Status: DYNAMIC
14:21:13.698 [main] DEBUG org.apache.http.headers - http-outgoing-0 << Report-To: {"endpoints":[{"url":"https:\/\/a.nel.cloudflare.com\/report\/v3?s=dTvrIOVsilU5rYhSNgP9tugZB5nm1mF2G%2BplOsDxktTbDGFGl8w71bmrJAfUIEN%2FHlNnL6T0e%2FMNJdq5IRQ3yMditAR4DTRan1%2BFzxAtCOruIXkVOLcyvbZH"}],"group":"cf-nel","max_age":604800}
14:21:13.698 [main] DEBUG org.apache.http.headers - http-outgoing-0 << NEL: {"success_fraction":0,"report_to":"cf-nel","max_age":604800}
14:21:13.699 [main] DEBUG org.apache.http.headers - http-outgoing-0 << Server: cloudflare
14:21:13.699 [main] DEBUG org.apache.http.headers - http-outgoing-0 << CF-RAY: 8565bfc48bfc6653-MAD
14:21:13.699 [main] DEBUG org.apache.http.headers - http-outgoing-0 << Content-Encoding: gzip
14:21:13.699 [main] DEBUG org.apache.http.headers - http-outgoing-0 << alt-svc: h3=":443"; ma=86400
14:21:13.706 [main] DEBUG org.apache.http.impl.execchain.MainClientExec - Connection can be kept alive indefinitely
14:21:13.710 [main] DEBUG org.apache.http.impl.conn.DefaultManagedHttpClientConnection - http-outgoing-0: Close connection
14:21:13.713 [main] DEBUG org.apache.http.impl.execchain.MainClientExec - Connection discarded
14:21:13.714 [main] DEBUG org.apache.http.impl.conn.PoolingHttpClientConnectionManager - Connection released: [id: 0][route: {s}->https://dog.ceo:443][total available: 0; route allocated: 0 of 5; total allocated: 0 of 10]
14:21:13.714 [main] DEBUG org.apache.http.impl.conn.PoolingHttpClientConnectionManager - Connection manager is shutting down
14:21:13.715 [main] DEBUG org.apache.http.impl.conn.PoolingHttpClientConnectionManager - Connection manager shut down
14:21:13.719 [main] DEBUG com.intuit.karate - response time in milliseconds: 1100
1 < 404
1 < Date: Fri, 16 Feb 2024 12:21:13 GMT
1 < Content-Type: text/html; charset=iso-8859-1
1 < Transfer-Encoding: chunked
1 < Connection: keep-alive
1 < Via: 1.1 varnish (Varnish/6.3), 1.1 varnish (Varnish/6.3)
1 < X-Cache-Hits: 0
1 < X-Cache: MISS
1 < Age: 0
1 < Vary: 
1 < CF-Cache-Status: DYNAMIC
1 < Report-To: {"endpoints":[{"url":"https:\/\/a.nel.cloudflare.com\/report\/v3?s=dTvrIOVsilU5rYhSNgP9tugZB5nm1mF2G%2BplOsDxktTbDGFGl8w71bmrJAfUIEN%2FHlNnL6T0e%2FMNJdq5IRQ3yMditAR4DTRan1%2BFzxAtCOruIXkVOLcyvbZH"}],"group":"cf-nel","max_age":604800}
1 < NEL: {"success_fraction":0,"report_to":"cf-nel","max_age":604800}
1 < Server: cloudflare
1 < CF-RAY: 8565bfc48bfc6653-MAD
1 < alt-svc: h3=":443"; ma=86400
<!DOCTYPE HTML PUBLIC "-//IETF//DTD HTML 2.0//EN">
<html><head>
<title>404 Not Found</title>
</head><body>
<h1>Not Found</h1>
<p>The requested URL was not found on this server.</p>
</body></html>


14:21:13.789 [main] ERROR com.intuit.karate - classpath:Features/get.feature:13
Then status 200
status code was: 404, expected: 200, response time in milliseconds: 1100, url: https://dog.ceo/dog-api/breeds/list/all, response: 
<!DOCTYPE HTML PUBLIC "-//IETF//DTD HTML 2.0//EN">
<html><head>
<title>404 Not Found</title>
</head><body>
<h1>Not Found</h1>
<p>The requested URL was not found on this server.</p>
</body></html>

classpath:Features/get.feature:13
]]></system-out>
  </testcase>
</testsuite>